2017-07-04 14:32:27.511  INFO 30456 --- [main] com.forezp.AdminServerApplication        : No active profile set, falling back to default profiles: default
2017-07-04 14:32:27.529  INFO 30456 --- [main] ationConfigEmbeddedWebApplicationContext : Refreshing org.springframework.boot.context.embedded.AnnotationConfigEmbeddedWebApplicationContext@1338fb5: startup date [Tue Jul 04 14:32:27 CST 2017]; parent: org.springframework.context.annotation.AnnotationConfigApplicationContext@323b36e0
2017-07-04 14:32:28.806  INFO 30456 --- [main] o.s.b.f.s.DefaultListableBeanFactory     : Overriding bean definition for bean 'counterFactory' with a different definition: replacing [Root bean: class [null]; scope=; abstract=false; lazyInit=false; autowireMode=3; dependencyCheck=0; autowireCandidate=true; primary=false; factoryBeanName=org.springframework.cloud.netflix.zuul.ZuulConfiguration$ZuulMetricsConfiguration; factoryMethodName=counterFactory; initMethodName=null; destroyMethodName=(inferred); defined in class path resource [org/springframework/cloud/netflix/zuul/ZuulConfiguration$ZuulMetricsConfiguration.class]] with [Root bean: class [null]; scope=; abstract=false; lazyInit=false; autowireMode=3; dependencyCheck=0; autowireCandidate=true; primary=false; factoryBeanName=org.springframework.cloud.netflix.zuul.ZuulConfiguration$ZuulCounterFactoryConfiguration; factoryMethodName=counterFactory; initMethodName=null; destroyMethodName=(inferred); defined in class path resource [org/springframework/cloud/netflix/zuul/ZuulConfiguration$ZuulCounterFactoryConfiguration.class]]
2017-07-04 14:32:29.031  INFO 30456 --- [main] o.s.cloud.context.scope.GenericScope     : BeanFactory id=71ea47d6-4f07-3c20-8a5c-74311f354d61
2017-07-04 14:32:29.044  INFO 30456 --- [main] f.a.AutowiredAnnotationBeanPostProcessor : JSR-330 'javax.inject.Inject' annotation found and supported for autowiring
2017-07-04 14:32:29.110  INFO 30456 --- [main] trationDelegate$BeanPostProcessorChecker : Bean 'org.springframework.cloud.netflix.metrics.MetricsInterceptorConfiguration$MetricsRestTemplateConfiguration' of type [org.springframework.cloud.netflix.metrics.MetricsInterceptorConfiguration$MetricsRestTemplateConfiguration$$EnhancerBySpringCGLIB$$7748e60c] is not eligible for getting processed by all BeanPostProcessors (for example: not eligible for auto-proxying)
2017-07-04 14:32:29.126  INFO 30456 --- [main] trationDelegate$BeanPostProcessorChecker : Bean 'org.springframework.cloud.autoconfigure.ConfigurationPropertiesRebinderAutoConfiguration' of type [org.springframework.cloud.autoconfigure.ConfigurationPropertiesRebinderAutoConfiguration$$EnhancerBySpringCGLIB$$613642c8] is not eligible for getting processed by all BeanPostProcessors (for example: not eligible for auto-proxying)
2017-07-04 14:32:30.705  INFO 30456 --- [main] s.b.c.e.t.TomcatEmbeddedServletContainer : Tomcat initialized with port(s): 5000 (http)
2017-07-04 14:32:30.712  INFO 30456 --- [main] o.apache.catalina.core.StandardService   : Starting service Tomcat
2017-07-04 14:32:30.713  INFO 30456 --- [main] org.apache.catalina.core.StandardEngine  : Starting Servlet Engine: Apache Tomcat/8.5.14
2017-07-04 14:32:30.888  INFO 30456 --- [localhost-startStop-1] o.a.c.c.C.[Tomcat].[localhost].[/]       : Initializing Spring embedded WebApplicationContext
2017-07-04 14:32:30.888  INFO 30456 --- [localhost-startStop-1] o.s.web.context.ContextLoader            : Root WebApplicationContext: initialization completed in 3359 ms
2017-07-04 14:32:32.581  WARN 30456 --- [localhost-startStop-1] c.n.c.sources.URLConfigurationSource     : No URLs will be polled as dynamic configuration sources.
2017-07-04 14:32:32.581  INFO 30456 --- [localhost-startStop-1] c.n.c.sources.URLConfigurationSource     : To enable URLs as dynamic configuration sources, define System property archaius.configurationSource.additionalUrls or make config.properties available on classpath.
2017-07-04 14:32:33.883  INFO 30456 --- [localhost-startStop-1] c.netflix.config.DynamicPropertyFactory  : DynamicPropertyFactory is initialized with configuration sources: com.netflix.config.ConcurrentCompositeConfiguration@3124a34
2017-07-04 14:32:37.450  INFO 30456 --- [localhost-startStop-1] o.s.b.w.servlet.ServletRegistrationBean  : Mapping servlet: 'dispatcherServlet' to [/]
2017-07-04 14:32:37.471  INFO 30456 --- [localhost-startStop-1] o.s.b.w.servlet.ServletRegistrationBean  : Mapping servlet: 'zuulServlet' to [/zuul/*]
2017-07-04 14:32:37.474  INFO 30456 --- [localhost-startStop-1] o.s.b.w.servlet.FilterRegistrationBean   : Mapping filter: 'metricsFilter' to: [/*]
2017-07-04 14:32:37.474  INFO 30456 --- [localhost-startStop-1] o.s.b.w.servlet.FilterRegistrationBean   : Mapping filter: 'characterEncodingFilter' to: [/*]
2017-07-04 14:32:37.474  INFO 30456 --- [localhost-startStop-1] o.s.b.w.servlet.FilterRegistrationBean   : Mapping filter: 'hiddenHttpMethodFilter' to: [/*]
2017-07-04 14:32:37.474  INFO 30456 --- [localhost-startStop-1] o.s.b.w.servlet.FilterRegistrationBean   : Mapping filter: 'httpPutFormContentFilter' to: [/*]
2017-07-04 14:32:37.475  INFO 30456 --- [localhost-startStop-1] o.s.b.w.servlet.FilterRegistrationBean   : Mapping filter: 'requestContextFilter' to: [/*]
2017-07-04 14:32:37.475  INFO 30456 --- [localhost-startStop-1] o.s.b.w.servlet.FilterRegistrationBean   : Mapping filter: 'webRequestLoggingFilter' to: [/*]
2017-07-04 14:32:37.475  INFO 30456 --- [localhost-startStop-1] o.s.b.w.servlet.FilterRegistrationBean   : Mapping filter: 'applicationContextIdFilter' to: [/*]
2017-07-04 14:32:37.542  INFO 30456 --- [localhost-startStop-1] o.s.c.n.zuul.ZuulFilterInitializer       : Starting filter initializer context listener
2017-07-04 14:32:38.775  INFO 30456 --- [main] o.a.c.c.C.[Tomcat].[localhost].[/]       : jolokia: No access restrictor found, access to any MBean is allowed
2017-07-04 14:32:38.941  INFO 30456 --- [main] s.w.s.m.m.a.RequestMappingHandlerAdapter : Looking for @ControllerAdvice: org.springframework.boot.context.embedded.AnnotationConfigEmbeddedWebApplicationContext@1338fb5: startup date [Tue Jul 04 14:32:27 CST 2017]; parent: org.springframework.context.annotation.AnnotationConfigApplicationContext@323b36e0
2017-07-04 14:32:39.035  INFO 30456 --- [main] s.w.s.m.m.a.RequestMappingHandlerMapping : Mapped "{[/error]}" onto public org.springframework.http.ResponseEntity<java.util.Map<java.lang.String, java.lang.Object>> org.springframework.boot.autoconfigure.web.BasicErrorController.error(javax.servlet.http.HttpServletRequest)
2017-07-04 14:32:39.037  INFO 30456 --- [main] s.w.s.m.m.a.RequestMappingHandlerMapping : Mapped "{[/error],produces=[text/html]}" onto public org.springframework.web.servlet.ModelAndView org.springframework.boot.autoconfigure.web.BasicErrorController.errorHtml(javax.servlet.http.HttpServletRequest,javax.servlet.http.HttpServletResponse)
2017-07-04 14:32:39.041  INFO 30456 --- [main] s.w.s.m.m.a.RequestMappingHandlerMapping : Mapped "{[/api/applications/{id}],methods=[GET]}" onto public org.springframework.http.ResponseEntity<?> de.codecentric.boot.admin.registry.web.RegistryController.get(java.lang.String)
2017-07-04 14:32:39.041  INFO 30456 --- [main] s.w.s.m.m.a.RequestMappingHandlerMapping : Mapped "{[/api/applications],methods=[POST]}" onto public org.springframework.http.ResponseEntity<de.codecentric.boot.admin.model.Application> de.codecentric.boot.admin.registry.web.RegistryController.register(de.codecentric.boot.admin.model.Application)
2017-07-04 14:32:39.041  INFO 30456 --- [main] s.w.s.m.m.a.RequestMappingHandlerMapping : Mapped "{[/api/applications/{id}],methods=[DELETE]}" onto public org.springframework.http.ResponseEntity<?> de.codecentric.boot.admin.registry.web.RegistryController.unregister(java.lang.String)
2017-07-04 14:32:39.042  INFO 30456 --- [main] s.w.s.m.m.a.RequestMappingHandlerMapping : Mapped "{[/api/applications],methods=[GET]}" onto public java.util.Collection<de.codecentric.boot.admin.model.Application> de.codecentric.boot.admin.registry.web.RegistryController.applications(java.lang.String)
2017-07-04 14:32:39.067  INFO 30456 --- [main] s.w.s.m.m.a.RequestMappingHandlerMapping : Mapped "{[/api/journal],produces=[application/json]}" onto public java.util.Collection<de.codecentric.boot.admin.event.ClientApplicationEvent> de.codecentric.boot.admin.journal.web.JournalController.getJournal()
2017-07-04 14:32:39.067  INFO 30456 --- [main] s.w.s.m.m.a.RequestMappingHandlerMapping : Mapped "{[/api/journal],produces=[text/event-stream]}" onto public org.springframework.web.servlet.mvc.method.annotation.SseEmitter de.codecentric.boot.admin.journal.web.JournalController.getJournalEvents()
2017-07-04 14:32:39.101  INFO 30456 --- [main] o.s.w.s.handler.SimpleUrlHandlerMapping  : Root mapping to handler of type [class org.springframework.web.servlet.mvc.ParameterizableViewController]
2017-07-04 14:32:39.145  WARN 30456 --- [main] o.s.w.s.r.ResourceHttpRequestHandler     : Locations list is empty. No resources will be served unless a custom ResourceResolver is configured as an alternative to PathResourceResolver.
2017-07-04 14:32:39.146  WARN 30456 --- [main] o.s.w.s.r.ResourceHttpRequestHandler     : Locations list is empty. No resources will be served unless a custom ResourceResolver is configured as an alternative to PathResourceResolver.
2017-07-04 14:32:39.147  INFO 30456 --- [main] o.s.w.s.handler.SimpleUrlHandlerMapping  : Mapped URL path [/webjars/**] onto handler of type [class org.springframework.web.servlet.resource.ResourceHttpRequestHandler]
2017-07-04 14:32:39.147  INFO 30456 --- [main] o.s.w.s.handler.SimpleUrlHandlerMapping  : Mapped URL path [/**] onto handler of type [class org.springframework.web.servlet.resource.ResourceHttpRequestHandler]
2017-07-04 14:32:39.147  INFO 30456 --- [main] o.s.w.s.handler.SimpleUrlHandlerMapping  : Mapped URL path [/all-modules.css] onto handler of type [class org.springframework.web.servlet.resource.ResourceHttpRequestHandler]
2017-07-04 14:32:39.147  INFO 30456 --- [main] o.s.w.s.handler.SimpleUrlHandlerMapping  : Mapped URL path [/all-modules.js] onto handler of type [class org.springframework.web.servlet.resource.ResourceHttpRequestHandler]
2017-07-04 14:32:39.198  INFO 30456 --- [main] o.s.w.s.handler.SimpleUrlHandlerMapping  : Mapped URL path [/**/favicon.ico] onto handler of type [class org.springframework.web.servlet.resource.ResourceHttpRequestHandler]
2017-07-04 14:32:39.636  INFO 30456 --- [main] o.s.b.a.e.mvc.EndpointHandlerMapping     : Mapped "{[/loggers/{name:.*}],methods=[GET],produces=[application/vnd.spring-boot.actuator.v1+json || application/json]}" onto public java.lang.Object org.springframework.boot.actuate.endpoint.mvc.LoggersMvcEndpoint.get(java.lang.String)
2017-07-04 14:32:39.637  INFO 30456 --- [main] o.s.b.a.e.mvc.EndpointHandlerMapping     : Mapped "{[/loggers/{name:.*}],methods=[POST],consumes=[application/vnd.spring-boot.actuator.v1+json || application/json],produces=[application/vnd.spring-boot.actuator.v1+json || application/json]}" onto public java.lang.Object org.springframework.boot.actuate.endpoint.mvc.LoggersMvcEndpoint.set(java.lang.String,java.util.Map<java.lang.String, java.lang.String>)
2017-07-04 14:32:39.637  INFO 30456 --- [main] o.s.b.a.e.mvc.EndpointHandlerMapping     : Mapped "{[/loggers || /loggers.json],methods=[GET],produces=[application/vnd.spring-boot.actuator.v1+json || application/json]}" onto public java.lang.Object org.springframework.boot.actuate.endpoint.mvc.EndpointMvcAdapter.invoke()
2017-07-04 14:32:39.637  INFO 30456 --- [main] o.s.b.a.e.mvc.EndpointHandlerMapping     : Mapped "{[/dump || /dump.json],methods=[GET],produces=[application/vnd.spring-boot.actuator.v1+json || application/json]}" onto public java.lang.Object org.springframework.boot.actuate.endpoint.mvc.EndpointMvcAdapter.invoke()
2017-07-04 14:32:39.639  INFO 30456 --- [main] o.s.b.a.e.mvc.EndpointHandlerMapping     : Mapped "{[/configprops || /configprops.json],methods=[GET],produces=[application/vnd.spring-boot.actuator.v1+json || application/json]}" onto public java.lang.Object org.springframework.boot.actuate.endpoint.mvc.EndpointMvcAdapter.invoke()
2017-07-04 14:32:39.640  INFO 30456 --- [main] o.s.b.a.e.mvc.EndpointHandlerMapping     : Mapped "{[/heapdump || /heapdump.json],methods=[GET],produces=[application/octet-stream]}" onto public void org.springframework.boot.actuate.endpoint.mvc.HeapdumpMvcEndpoint.invoke(boolean,javax.servlet.http.HttpServletRequest,javax.servlet.http.HttpServletResponse) throws java.io.IOException,javax.servlet.ServletException
2017-07-04 14:32:39.641  INFO 30456 --- [main] o.s.b.a.e.mvc.EndpointHandlerMapping     : Mapped "{[/routes || /routes.json],methods=[GET],produces=[application/vnd.spring-boot.actuator.v1+json || application/json]}" onto public java.lang.Object org.springframework.boot.actuate.endpoint.mvc.EndpointMvcAdapter.invoke()
2017-07-04 14:32:39.642  INFO 30456 --- [main] o.s.b.a.e.mvc.EndpointHandlerMapping     : Mapped "{[/restart || /restart.json],methods=[POST]}" onto public java.lang.Object org.springframework.cloud.context.restart.RestartMvcEndpoint.invoke()
2017-07-04 14:32:39.642  INFO 30456 --- [main] o.s.b.a.e.mvc.EndpointHandlerMapping     : Mapped "{[/beans || /beans.json],methods=[GET],produces=[application/vnd.spring-boot.actuator.v1+json || application/json]}" onto public java.lang.Object org.springframework.boot.actuate.endpoint.mvc.EndpointMvcAdapter.invoke()
2017-07-04 14:32:39.648  INFO 30456 --- [main] o.s.b.a.e.mvc.EndpointHandlerMapping     : Mapped "{[/logfile || /logfile.json],methods=[GET || HEAD]}" onto public void org.springframework.boot.actuate.endpoint.mvc.LogFileMvcEndpoint.invoke(javax.servlet.http.HttpServletRequest,javax.servlet.http.HttpServletResponse) throws javax.servlet.ServletException,java.io.IOException
2017-07-04 14:32:39.649  INFO 30456 --- [main] o.s.b.a.e.mvc.EndpointHandlerMapping     : Mapped "{[/env],methods=[POST]}" onto public java.lang.Object org.springframework.cloud.context.environment.EnvironmentManagerMvcEndpoint.value(java.util.Map<java.lang.String, java.lang.String>)
2017-07-04 14:32:39.649  INFO 30456 --- [main] o.s.b.a.e.mvc.EndpointHandlerMapping     : Mapped "{[/env/reset],methods=[POST]}" onto public java.util.Map<java.lang.String, java.lang.Object> org.springframework.cloud.context.environment.EnvironmentManagerMvcEndpoint.reset()
2017-07-04 14:32:39.650  INFO 30456 --- [main] o.s.b.a.e.mvc.EndpointHandlerMapping     : Mapped "{[/features || /features.json],methods=[GET],produces=[application/vnd.spring-boot.actuator.v1+json || application/json]}" onto public java.lang.Object org.springframework.boot.actuate.endpoint.mvc.EndpointMvcAdapter.invoke()
2017-07-04 14:32:39.660  INFO 30456 --- [main] o.s.b.a.e.mvc.EndpointHandlerMapping     : Mapped "{[/jolokia/**]}" onto public org.springframework.web.servlet.ModelAndView org.springframework.boot.actuate.endpoint.mvc.JolokiaMvcEndpoint.handle(javax.servlet.http.HttpServletRequest,javax.servlet.http.HttpServletResponse) throws java.lang.Exception
2017-07-04 14:32:39.660  INFO 30456 --- [main] o.s.b.a.e.mvc.EndpointHandlerMapping     : Mapped "{[/service-registry/instance-status],methods=[GET]}" onto public org.springframework.http.ResponseEntity org.springframework.cloud.client.serviceregistry.endpoint.ServiceRegistryEndpoint.getStatus()
2017-07-04 14:32:39.660  INFO 30456 --- [main] o.s.b.a.e.mvc.EndpointHandlerMapping     : Mapped "{[/service-registry/instance-status],methods=[POST]}" onto public org.springframework.http.ResponseEntity<?> org.springframework.cloud.client.serviceregistry.endpoint.ServiceRegistryEndpoint.setStatus(java.lang.String)
2017-07-04 14:32:39.661  INFO 30456 --- [main] o.s.b.a.e.mvc.EndpointHandlerMapping     : Mapped "{[/health || /health.json],methods=[GET],produces=[application/vnd.spring-boot.actuator.v1+json || application/json]}" onto public java.lang.Object org.springframework.boot.actuate.endpoint.mvc.HealthMvcEndpoint.invoke(javax.servlet.http.HttpServletRequest,java.security.Principal)
2017-07-04 14:32:39.662  INFO 30456 --- [main] o.s.b.a.e.mvc.EndpointHandlerMapping     : Mapped "{[/info || /info.json],methods=[GET],produces=[application/vnd.spring-boot.actuator.v1+json || application/json]}" onto public java.lang.Object org.springframework.boot.actuate.endpoint.mvc.EndpointMvcAdapter.invoke()
2017-07-04 14:32:39.664  INFO 30456 --- [main] o.s.b.a.e.mvc.EndpointHandlerMapping     : Mapped "{[/resume || /resume.json],methods=[POST]}" onto public java.lang.Object org.springframework.cloud.endpoint.GenericPostableMvcEndpoint.invoke()
2017-07-04 14:32:39.664  INFO 30456 --- [main] o.s.b.a.e.mvc.EndpointHandlerMapping     : Mapped "{[/mappings || /mappings.json],methods=[GET],produces=[application/vnd.spring-boot.actuator.v1+json || application/json]}" onto public java.lang.Object org.springframework.boot.actuate.endpoint.mvc.EndpointMvcAdapter.invoke()
2017-07-04 14:32:39.667  INFO 30456 --- [main] o.s.b.a.e.mvc.EndpointHandlerMapping     : Mapped "{[/trace || /trace.json],methods=[GET],produces=[application/vnd.spring-boot.actuator.v1+json || application/json]}" onto public java.lang.Object org.springframework.boot.actuate.endpoint.mvc.EndpointMvcAdapter.invoke()
2017-07-04 14:32:39.667  INFO 30456 --- [main] o.s.b.a.e.mvc.EndpointHandlerMapping     : Mapped "{[/auditevents || /auditevents.json],methods=[GET],produces=[application/vnd.spring-boot.actuator.v1+json || application/json]}" onto public org.springframework.http.ResponseEntity<?> org.springframework.boot.actuate.endpoint.mvc.AuditEventsMvcEndpoint.findByPrincipalAndAfterAndType(java.lang.String,java.util.Date,java.lang.String)
2017-07-04 14:32:39.668  INFO 30456 --- [main] o.s.b.a.e.mvc.EndpointHandlerMapping     : Mapped "{[/refresh || /refresh.json],methods=[POST]}" onto public java.lang.Object org.springframework.cloud.endpoint.GenericPostableMvcEndpoint.invoke()
2017-07-04 14:32:39.668  INFO 30456 --- [main] o.s.b.a.e.mvc.EndpointHandlerMapping     : Mapped "{[/autoconfig || /autoconfig.json],methods=[GET],produces=[application/vnd.spring-boot.actuator.v1+json || application/json]}" onto public java.lang.Object org.springframework.boot.actuate.endpoint.mvc.EndpointMvcAdapter.invoke()
2017-07-04 14:32:39.669  INFO 30456 --- [main] o.s.b.a.e.mvc.EndpointHandlerMapping     : Mapped "{[/env/{name:.*}],methods=[GET],produces=[application/vnd.spring-boot.actuator.v1+json || application/json]}" onto public java.lang.Object org.springframework.boot.actuate.endpoint.mvc.EnvironmentMvcEndpoint.value(java.lang.String)
2017-07-04 14:32:39.669  INFO 30456 --- [main] o.s.b.a.e.mvc.EndpointHandlerMapping     : Mapped "{[/env || /env.json],methods=[GET],produces=[application/vnd.spring-boot.actuator.v1+json || application/json]}" onto public java.lang.Object org.springframework.boot.actuate.endpoint.mvc.EndpointMvcAdapter.invoke()
2017-07-04 14:32:39.669  INFO 30456 --- [main] o.s.b.a.e.mvc.EndpointHandlerMapping     : Mapped "{[/archaius || /archaius.json],methods=[GET],produces=[application/vnd.spring-boot.actuator.v1+json || application/json]}" onto public java.lang.Object org.springframework.boot.actuate.endpoint.mvc.EndpointMvcAdapter.invoke()
2017-07-04 14:32:39.670  INFO 30456 --- [main] o.s.b.a.e.mvc.EndpointHandlerMapping     : Mapped "{[/metrics/{name:.*}],methods=[GET],produces=[application/vnd.spring-boot.actuator.v1+json || application/json]}" onto public java.lang.Object org.springframework.boot.actuate.endpoint.mvc.MetricsMvcEndpoint.value(java.lang.String)
2017-07-04 14:32:39.671  INFO 30456 --- [main] o.s.b.a.e.mvc.EndpointHandlerMapping     : Mapped "{[/metrics || /metrics.json],methods=[GET],produces=[application/vnd.spring-boot.actuator.v1+json || application/json]}" onto public java.lang.Object org.springframework.boot.actuate.endpoint.mvc.EndpointMvcAdapter.invoke()
2017-07-04 14:32:39.671  INFO 30456 --- [main] o.s.b.a.e.mvc.EndpointHandlerMapping     : Mapped "{[/pause || /pause.json],methods=[POST]}" onto public java.lang.Object org.springframework.cloud.endpoint.GenericPostableMvcEndpoint.invoke()
2017-07-04 14:32:39.773  WARN 30456 --- [main] c.n.c.sources.URLConfigurationSource     : No URLs will be polled as dynamic configuration sources.
2017-07-04 14:32:39.773  INFO 30456 --- [main] c.n.c.sources.URLConfigurationSource     : To enable URLs as dynamic configuration sources, define System property archaius.configurationSource.additionalUrls or make config.properties available on classpath.
2017-07-04 14:32:40.156  INFO 30456 --- [main] o.s.s.c.ThreadPoolTaskScheduler          : Initializing ExecutorService  'updateTaskScheduler'
2017-07-04 14:32:40.182  INFO 30456 --- [main] d.c.boot.admin.web.PrefixHandlerMapping  : Mapped "{[/api/applications/{id}],methods=[GET]}" onto public org.springframework.http.ResponseEntity<?> de.codecentric.boot.admin.registry.web.RegistryController.get(java.lang.String)
2017-07-04 14:32:40.183  INFO 30456 --- [main] d.c.boot.admin.web.PrefixHandlerMapping  : Mapped "{[/api/applications],methods=[POST]}" onto public org.springframework.http.ResponseEntity<de.codecentric.boot.admin.model.Application> de.codecentric.boot.admin.registry.web.RegistryController.register(de.codecentric.boot.admin.model.Application)
2017-07-04 14:32:40.183  INFO 30456 --- [main] d.c.boot.admin.web.PrefixHandlerMapping  : Mapped "{[/api/applications/{id}],methods=[DELETE]}" onto public org.springframework.http.ResponseEntity<?> de.codecentric.boot.admin.registry.web.RegistryController.unregister(java.lang.String)
2017-07-04 14:32:40.183  INFO 30456 --- [main] d.c.boot.admin.web.PrefixHandlerMapping  : Mapped "{[/api/applications],methods=[GET]}" onto public java.util.Collection<de.codecentric.boot.admin.model.Application> de.codecentric.boot.admin.registry.web.RegistryController.applications(java.lang.String)
2017-07-04 14:32:40.183  INFO 30456 --- [main] d.c.boot.admin.web.PrefixHandlerMapping  : Mapped "{[/api/journal],produces=[application/json]}" onto public java.util.Collection<de.codecentric.boot.admin.event.ClientApplicationEvent> de.codecentric.boot.admin.journal.web.JournalController.getJournal()
2017-07-04 14:32:40.184  INFO 30456 --- [main] d.c.boot.admin.web.PrefixHandlerMapping  : Mapped "{[/api/journal],produces=[text/event-stream]}" onto public org.springframework.web.servlet.mvc.method.annotation.SseEmitter de.codecentric.boot.admin.journal.web.JournalController.getJournalEvents()
2017-07-04 14:32:40.357  INFO 30456 --- [main] o.s.j.e.a.AnnotationMBeanExporter        : Registering beans for JMX exposure on startup
2017-07-04 14:32:40.367  INFO 30456 --- [main] o.s.j.e.a.AnnotationMBeanExporter        : Bean with name 'environmentManager' has been autodetected for JMX exposure
2017-07-04 14:32:40.368  INFO 30456 --- [main] o.s.j.e.a.AnnotationMBeanExporter        : Bean with name 'configurationPropertiesRebinder' has been autodetected for JMX exposure
2017-07-04 14:32:40.368  INFO 30456 --- [main] o.s.j.e.a.AnnotationMBeanExporter        : Bean with name 'refreshEndpoint' has been autodetected for JMX exposure
2017-07-04 14:32:40.369  INFO 30456 --- [main] o.s.j.e.a.AnnotationMBeanExporter        : Bean with name 'restartEndpoint' has been autodetected for JMX exposure
2017-07-04 14:32:40.369  INFO 30456 --- [main] o.s.j.e.a.AnnotationMBeanExporter        : Bean with name 'serviceRegistryEndpoint' has been autodetected for JMX exposure
2017-07-04 14:32:40.370  INFO 30456 --- [main] o.s.j.e.a.AnnotationMBeanExporter        : Bean with name 'zuulEndpoint' has been autodetected for JMX exposure
2017-07-04 14:32:40.370  INFO 30456 --- [main] o.s.j.e.a.AnnotationMBeanExporter        : Bean with name 'refreshScope' has been autodetected for JMX exposure
2017-07-04 14:32:40.374  INFO 30456 --- [main] o.s.j.e.a.AnnotationMBeanExporter        : Located managed bean 'environmentManager': registering with JMX server as MBean [org.springframework.cloud.context.environment:name=environmentManager,type=EnvironmentManager]
2017-07-04 14:32:40.789  INFO 30456 --- [main] o.s.j.e.a.AnnotationMBeanExporter        : Located managed bean 'restartEndpoint': registering with JMX server as MBean [org.springframework.cloud.context.restart:name=restartEndpoint,type=RestartEndpoint]
2017-07-04 14:32:40.798  INFO 30456 --- [main] o.s.j.e.a.AnnotationMBeanExporter        : Located managed bean 'serviceRegistryEndpoint': registering with JMX server as MBean [org.springframework.cloud.client.serviceregistry.endpoint:name=serviceRegistryEndpoint,type=ServiceRegistryEndpoint]
2017-07-04 14:32:40.802  INFO 30456 --- [main] o.s.j.e.a.AnnotationMBeanExporter        : Located managed bean 'refreshScope': registering with JMX server as MBean [org.springframework.cloud.context.scope.refresh:name=refreshScope,type=RefreshScope]
2017-07-04 14:32:40.808  INFO 30456 --- [main] o.s.j.e.a.AnnotationMBeanExporter        : Located managed bean 'zuulEndpoint': registering with JMX server as MBean [org.springframework.cloud.netflix.zuul:name=zuulEndpoint,type=RoutesEndpoint]
2017-07-04 14:32:40.809  WARN 30456 --- [main] o.s.j.e.a.AnnotationMBeanExporter        : Bean with key 'zuulEndpoint' has been registered as an MBean but has no exposed attributes or operations
2017-07-04 14:32:40.810  INFO 30456 --- [main] o.s.j.e.a.AnnotationMBeanExporter        : Located managed bean 'configurationPropertiesRebinder': registering with JMX server as MBean [org.springframework.cloud.context.properties:name=configurationPropertiesRebinder,context=1338fb5,type=ConfigurationPropertiesRebinder]
2017-07-04 14:32:40.818  INFO 30456 --- [main] o.s.j.e.a.AnnotationMBeanExporter        : Located managed bean 'refreshEndpoint': registering with JMX server as MBean [org.springframework.cloud.endpoint:name=refreshEndpoint,type=RefreshEndpoint]
2017-07-04 14:32:41.928  INFO 30456 --- [main] o.a.c.c.C.[Tomcat].[localhost].[/]       : jolokia: No access restrictor found, access to any MBean is allowed
2017-07-04 14:32:41.931  INFO 30456 --- [main] o.a.c.c.C.[Tomcat].[localhost].[/]       : jolokia: jolokia:type=Config is already registered. Adding it with jolokia:type=Config,uuid=548ee203-4714-4a4a-bbe4-b01461ef6e38, but you should revise your setup in order to either use a qualifier or ensure, that only a single agent gets registered (otherwise history functionality might not work)
2017-07-04 14:32:41.931  INFO 30456 --- [main] o.a.c.c.C.[Tomcat].[localhost].[/]       : jolokia: Cannot register (legacy) MBean handler for config store with name jmx4perl:type=Config since it already exists. This is the case if another agent has been already started within the same JVM. The registration is skipped.
2017-07-04 14:32:41.931  INFO 30456 --- [main] o.a.c.c.C.[Tomcat].[localhost].[/]       : jolokia: Jolokia Discovery MBean registration is skipped because there is already one registered.
2017-07-04 14:32:42.038  INFO 30456 --- [main] o.s.c.support.DefaultLifecycleProcessor  : Starting beans in phase 0
2017-07-04 14:32:42.046  INFO 30456 --- [main] o.s.c.n.eureka.InstanceInfoFactory       : Setting initial instance status as: STARTING
2017-07-04 14:32:42.080  INFO 30456 --- [main] com.netflix.discovery.DiscoveryClient    : Initializing Eureka in region us-east-1
2017-07-04 14:32:43.367  INFO 30456 --- [main] c.n.d.provider.DiscoveryJerseyProvider   : Using JSON encoding codec LegacyJacksonJson
2017-07-04 14:32:43.367  INFO 30456 --- [main] c.n.d.provider.DiscoveryJerseyProvider   : Using JSON decoding codec LegacyJacksonJson
2017-07-04 14:32:43.806  INFO 30456 --- [main] c.n.d.provider.DiscoveryJerseyProvider   : Using XML encoding codec XStreamXml
2017-07-04 14:32:43.807  INFO 30456 --- [main] c.n.d.provider.DiscoveryJerseyProvider   : Using XML decoding codec XStreamXml
2017-07-04 14:32:44.066  INFO 30456 --- [main] c.n.d.s.r.aws.ConfigClusterResolver      : Resolving eureka endpoints via configuration
2017-07-04 14:32:44.150  INFO 30456 --- [main] com.netflix.discovery.DiscoveryClient    : Disable delta property : false
2017-07-04 14:32:44.150  INFO 30456 --- [main] com.netflix.discovery.DiscoveryClient    : Single vip registry refresh property : null
2017-07-04 14:32:44.150  INFO 30456 --- [main] com.netflix.discovery.DiscoveryClient    : Force full registry fetch : false
2017-07-04 14:32:44.150  INFO 30456 --- [main] com.netflix.discovery.DiscoveryClient    : Application is null : false
2017-07-04 14:32:44.150  INFO 30456 --- [main] com.netflix.discovery.DiscoveryClient    : Registered Applications size is zero : true
2017-07-04 14:32:44.150  INFO 30456 --- [main] com.netflix.discovery.DiscoveryClient    : Application version is -1: true
2017-07-04 14:32:44.150  INFO 30456 --- [main] com.netflix.discovery.DiscoveryClient    : Getting all instance registry info from the eureka server
2017-07-04 14:32:45.954  INFO 30456 --- [main] com.netflix.discovery.DiscoveryClient    : The response status is 200
2017-07-04 14:32:45.955  INFO 30456 --- [main] com.netflix.discovery.DiscoveryClient    : Starting heartbeat executor: renew interval is: 30
2017-07-04 14:32:45.956  INFO 30456 --- [main] c.n.discovery.InstanceInfoReplicator     : InstanceInfoReplicator onDemand update allowed rate per min is 4
2017-07-04 14:32:45.958  INFO 30456 --- [main] com.netflix.discovery.DiscoveryClient    : Discovery Client initialized at timestamp 1499149965958 with initial instances count: 0
2017-07-04 14:32:45.977  INFO 30456 --- [main] o.s.c.n.e.s.EurekaServiceRegistry        : Registering application service-admin with eureka with status UP
2017-07-04 14:32:45.977  INFO 30456 --- [main] com.netflix.discovery.DiscoveryClient    : Saw local status change event StatusChangeEvent [timestamp=1499149965977, current=UP, previous=STARTING]
2017-07-04 14:32:46.017  INFO 30456 --- [DiscoveryClient-InstanceInfoReplicator-0] com.netflix.discovery.DiscoveryClient    : DiscoveryClient_SERVICE-ADMIN/fangzhipeng.xiaoanoa.com:service-admin:5000: registering service...
2017-07-04 14:32:46.156  INFO 30456 --- [main] s.b.c.e.t.TomcatEmbeddedServletContainer : Tomcat started on port(s): 5000 (http)
2017-07-04 14:32:46.159  INFO 30456 --- [main] .s.c.n.e.s.EurekaAutoServiceRegistration : Updating port to 5000
2017-07-04 14:32:46.207  INFO 30456 --- [main] com.forezp.AdminServerApplication        : Started AdminServerApplication in 21.869 seconds (JVM running for 22.21)
2017-07-04 14:32:46.409  INFO 30456 --- [DiscoveryClient-InstanceInfoReplicator-0] com.netflix.discovery.DiscoveryClient    : DiscoveryClient_SERVICE-ADMIN/fangzhipeng.xiaoanoa.com:service-admin:5000 - registration status: 204
2017-07-04 14:33:15.961  INFO 30456 --- [DiscoveryClient-CacheRefreshExecutor-0] com.netflix.discovery.DiscoveryClient    : Disable delta property : false
2017-07-04 14:33:15.961  INFO 30456 --- [DiscoveryClient-CacheRefreshExecutor-0] com.netflix.discovery.DiscoveryClient    : Single vip registry refresh property : null
2017-07-04 14:33:15.961  INFO 30456 --- [DiscoveryClient-CacheRefreshExecutor-0] com.netflix.discovery.DiscoveryClient    : Force full registry fetch : false
2017-07-04 14:33:15.961  INFO 30456 --- [DiscoveryClient-CacheRefreshExecutor-0] com.netflix.discovery.DiscoveryClient    : Application is null : false
2017-07-04 14:33:15.961  INFO 30456 --- [DiscoveryClient-CacheRefreshExecutor-0] com.netflix.discovery.DiscoveryClient    : Registered Applications size is zero : true
2017-07-04 14:33:15.961  INFO 30456 --- [DiscoveryClient-CacheRefreshExecutor-0] com.netflix.discovery.DiscoveryClient    : Application version is -1: false
2017-07-04 14:33:15.961  INFO 30456 --- [DiscoveryClient-CacheRefreshExecutor-0] com.netflix.discovery.DiscoveryClient    : Getting all instance registry info from the eureka server
2017-07-04 14:33:15.988  INFO 30456 --- [DiscoveryClient-CacheRefreshExecutor-0] com.netflix.discovery.DiscoveryClient    : The response status is 200
2017-07-04 14:33:16.121  INFO 30456 --- [DiscoveryClient-CacheRefreshExecutor-0] d.c.b.a.registry.ApplicationRegistry     : New Application Application [id=ccefd2b3, name=SERVICE-LUCY, managementUrl=http://fangzhipeng.xiaoanoa.com:8763, healthUrl=http://fangzhipeng.xiaoanoa.com:8763/health, serviceUrl=http://fangzhipeng.xiaoanoa.com:8763] registered 
2017-07-04 14:33:16.125  INFO 30456 --- [DiscoveryClient-CacheRefreshExecutor-0] d.c.b.a.registry.ApplicationRegistry     : New Application Application [id=2a5aa469, name=SERVICE-ADMIN, managementUrl=http://fangzhipeng.xiaoanoa.com:5000, healthUrl=http://fangzhipeng.xiaoanoa.com:5000/health, serviceUrl=http://fangzhipeng.xiaoanoa.com:5000] registered 
2017-07-04 14:33:16.492  INFO 30456 --- [http-nio-5000-exec-2] o.a.c.c.C.[Tomcat].[localhost].[/]       : Initializing Spring FrameworkServlet 'dispatcherServlet'
2017-07-04 14:33:16.492  INFO 30456 --- [http-nio-5000-exec-2] o.s.web.servlet.DispatcherServlet        : FrameworkServlet 'dispatcherServlet': initialization started
2017-07-04 14:33:16.505  INFO 30456 --- [http-nio-5000-exec-2] o.s.web.servlet.DispatcherServlet        : FrameworkServlet 'dispatcherServlet': initialization completed in 13 ms
2017-07-04 14:33:16.514  INFO 30456 --- [http-nio-5000-exec-2] o.s.c.n.zuul.web.ZuulHandlerMapping      : Mapped URL path [/api/applications/ccefd2b3/health/**] onto handler of type [class de.codecentric.boot.admin.zuul.OptionsDispatchingZuulController]
2017-07-04 14:33:16.514  INFO 30456 --- [http-nio-5000-exec-2] o.s.c.n.zuul.web.ZuulHandlerMapping      : Mapped URL path [/api/applications/ccefd2b3/env/**] onto handler of type [class de.codecentric.boot.admin.zuul.OptionsDispatchingZuulController]
2017-07-04 14:33:16.514  INFO 30456 --- [http-nio-5000-exec-2] o.s.c.n.zuul.web.ZuulHandlerMapping      : Mapped URL path [/api/applications/ccefd2b3/metrics/**] onto handler of type [class de.codecentric.boot.admin.zuul.OptionsDispatchingZuulController]
2017-07-04 14:33:16.514  INFO 30456 --- [http-nio-5000-exec-2] o.s.c.n.zuul.web.ZuulHandlerMapping      : Mapped URL path [/api/applications/ccefd2b3/dump/**] onto handler of type [class de.codecentric.boot.admin.zuul.OptionsDispatchingZuulController]
2017-07-04 14:33:16.514  INFO 30456 --- [http-nio-5000-exec-2] o.s.c.n.zuul.web.ZuulHandlerMapping      : Mapped URL path [/api/applications/ccefd2b3/jolokia/**] onto handler of type [class de.codecentric.boot.admin.zuul.OptionsDispatchingZuulController]
2017-07-04 14:33:16.514  INFO 30456 --- [http-nio-5000-exec-2] o.s.c.n.zuul.web.ZuulHandlerMapping      : Mapped URL path [/api/applications/ccefd2b3/info/**] onto handler of type [class de.codecentric.boot.admin.zuul.OptionsDispatchingZuulController]
2017-07-04 14:33:16.514  INFO 30456 --- [http-nio-5000-exec-2] o.s.c.n.zuul.web.ZuulHandlerMapping      : Mapped URL path [/api/applications/ccefd2b3/configprops/**] onto handler of type [class de.codecentric.boot.admin.zuul.OptionsDispatchingZuulController]
2017-07-04 14:33:16.514  INFO 30456 --- [http-nio-5000-exec-2] o.s.c.n.zuul.web.ZuulHandlerMapping      : Mapped URL path [/api/applications/ccefd2b3/trace/**] onto handler of type [class de.codecentric.boot.admin.zuul.OptionsDispatchingZuulController]
2017-07-04 14:33:16.514  INFO 30456 --- [http-nio-5000-exec-2] o.s.c.n.zuul.web.ZuulHandlerMapping      : Mapped URL path [/api/applications/ccefd2b3/logfile/**] onto handler of type [class de.codecentric.boot.admin.zuul.OptionsDispatchingZuulController]
2017-07-04 14:33:16.514  INFO 30456 --- [http-nio-5000-exec-2] o.s.c.n.zuul.web.ZuulHandlerMapping      : Mapped URL path [/api/applications/ccefd2b3/refresh/**] onto handler of type [class de.codecentric.boot.admin.zuul.OptionsDispatchingZuulController]
2017-07-04 14:33:16.514  INFO 30456 --- [http-nio-5000-exec-2] o.s.c.n.zuul.web.ZuulHandlerMapping      : Mapped URL path [/api/applications/ccefd2b3/flyway/**] onto handler of type [class de.codecentric.boot.admin.zuul.OptionsDispatchingZuulController]
2017-07-04 14:33:16.514  INFO 30456 --- [http-nio-5000-exec-2] o.s.c.n.zuul.web.ZuulHandlerMapping      : Mapped URL path [/api/applications/ccefd2b3/liquibase/**] onto handler of type [class de.codecentric.boot.admin.zuul.OptionsDispatchingZuulController]
2017-07-04 14:33:16.514  INFO 30456 --- [http-nio-5000-exec-2] o.s.c.n.zuul.web.ZuulHandlerMapping      : Mapped URL path [/api/applications/ccefd2b3/heapdump/**] onto handler of type [class de.codecentric.boot.admin.zuul.OptionsDispatchingZuulController]
2017-07-04 14:33:16.518  INFO 30456 --- [http-nio-5000-exec-2] o.s.c.n.zuul.web.ZuulHandlerMapping      : Mapped URL path [/api/applications/ccefd2b3/loggers/**] onto handler of type [class de.codecentric.boot.admin.zuul.OptionsDispatchingZuulController]
2017-07-04 14:33:16.518  INFO 30456 --- [http-nio-5000-exec-2] o.s.c.n.zuul.web.ZuulHandlerMapping      : Mapped URL path [/api/applications/ccefd2b3/auditevents/**] onto handler of type [class de.codecentric.boot.admin.zuul.OptionsDispatchingZuulController]
2017-07-04 14:33:16.518  INFO 30456 --- [http-nio-5000-exec-2] o.s.c.n.zuul.web.ZuulHandlerMapping      : Mapped URL path [/api/applications/ccefd2b3/hystrix.stream/**] onto handler of type [class de.codecentric.boot.admin.zuul.OptionsDispatchingZuulController]
2017-07-04 14:33:16.518  INFO 30456 --- [http-nio-5000-exec-2] o.s.c.n.zuul.web.ZuulHandlerMapping      : Mapped URL path [/api/applications/2a5aa469/health/**] onto handler of type [class de.codecentric.boot.admin.zuul.OptionsDispatchingZuulController]
2017-07-04 14:33:16.518  INFO 30456 --- [http-nio-5000-exec-2] o.s.c.n.zuul.web.ZuulHandlerMapping      : Mapped URL path [/api/applications/2a5aa469/env/**] onto handler of type [class de.codecentric.boot.admin.zuul.OptionsDispatchingZuulController]
2017-07-04 14:33:16.518  INFO 30456 --- [http-nio-5000-exec-2] o.s.c.n.zuul.web.ZuulHandlerMapping      : Mapped URL path [/api/applications/2a5aa469/metrics/**] onto handler of type [class de.codecentric.boot.admin.zuul.OptionsDispatchingZuulController]
2017-07-04 14:33:16.518  INFO 30456 --- [http-nio-5000-exec-2] o.s.c.n.zuul.web.ZuulHandlerMapping      : Mapped URL path [/api/applications/2a5aa469/dump/**] onto handler of type [class de.codecentric.boot.admin.zuul.OptionsDispatchingZuulController]
2017-07-04 14:33:16.518  INFO 30456 --- [http-nio-5000-exec-2] o.s.c.n.zuul.web.ZuulHandlerMapping      : Mapped URL path [/api/applications/2a5aa469/jolokia/**] onto handler of type [class de.codecentric.boot.admin.zuul.OptionsDispatchingZuulController]
2017-07-04 14:33:16.518  INFO 30456 --- [http-nio-5000-exec-2] o.s.c.n.zuul.web.ZuulHandlerMapping      : Mapped URL path [/api/applications/2a5aa469/info/**] onto handler of type [class de.codecentric.boot.admin.zuul.OptionsDispatchingZuulController]
2017-07-04 14:33:16.518  INFO 30456 --- [http-nio-5000-exec-2] o.s.c.n.zuul.web.ZuulHandlerMapping      : Mapped URL path [/api/applications/2a5aa469/configprops/**] onto handler of type [class de.codecentric.boot.admin.zuul.OptionsDispatchingZuulController]
2017-07-04 14:33:16.518  INFO 30456 --- [http-nio-5000-exec-2] o.s.c.n.zuul.web.ZuulHandlerMapping      : Mapped URL path [/api/applications/2a5aa469/trace/**] onto handler of type [class de.codecentric.boot.admin.zuul.OptionsDispatchingZuulController]
2017-07-04 14:33:16.518  INFO 30456 --- [http-nio-5000-exec-2] o.s.c.n.zuul.web.ZuulHandlerMapping      : Mapped URL path [/api/applications/2a5aa469/logfile/**] onto handler of type [class de.codecentric.boot.admin.zuul.OptionsDispatchingZuulController]
2017-07-04 14:33:16.518  INFO 30456 --- [http-nio-5000-exec-2] o.s.c.n.zuul.web.ZuulHandlerMapping      : Mapped URL path [/api/applications/2a5aa469/refresh/**] onto handler of type [class de.codecentric.boot.admin.zuul.OptionsDispatchingZuulController]
2017-07-04 14:33:16.519  INFO 30456 --- [http-nio-5000-exec-2] o.s.c.n.zuul.web.ZuulHandlerMapping      : Mapped URL path [/api/applications/2a5aa469/flyway/**] onto handler of type [class de.codecentric.boot.admin.zuul.OptionsDispatchingZuulController]
2017-07-04 14:33:16.519  INFO 30456 --- [http-nio-5000-exec-2] o.s.c.n.zuul.web.ZuulHandlerMapping      : Mapped URL path [/api/applications/2a5aa469/liquibase/**] onto handler of type [class de.codecentric.boot.admin.zuul.OptionsDispatchingZuulController]
2017-07-04 14:33:16.519  INFO 30456 --- [http-nio-5000-exec-2] o.s.c.n.zuul.web.ZuulHandlerMapping      : Mapped URL path [/api/applications/2a5aa469/heapdump/**] onto handler of type [class de.codecentric.boot.admin.zuul.OptionsDispatchingZuulController]
2017-07-04 14:33:16.519  INFO 30456 --- [http-nio-5000-exec-2] o.s.c.n.zuul.web.ZuulHandlerMapping      : Mapped URL path [/api/applications/2a5aa469/loggers/**] onto handler of type [class de.codecentric.boot.admin.zuul.OptionsDispatchingZuulController]
2017-07-04 14:33:16.519  INFO 30456 --- [http-nio-5000-exec-2] o.s.c.n.zuul.web.ZuulHandlerMapping      : Mapped URL path [/api/applications/2a5aa469/auditevents/**] onto handler of type [class de.codecentric.boot.admin.zuul.OptionsDispatchingZuulController]
2017-07-04 14:33:16.519  INFO 30456 --- [http-nio-5000-exec-2] o.s.c.n.zuul.web.ZuulHandlerMapping      : Mapped URL path [/api/applications/2a5aa469/hystrix.stream/**] onto handler of type [class de.codecentric.boot.admin.zuul.OptionsDispatchingZuulController]
2017-07-04 14:37:44.177  INFO 30456 --- [AsyncResolver-bootstrap-executor-0] c.n.d.s.r.aws.ConfigClusterResolver      : Resolving eureka endpoints via configuration
2017-07-04 14:42:30.769  WARN 30456 --- [http-nio-5000-exec-10] o.s.web.servlet.PageNotFound             : Request method 'HEAD' not supported
2017-07-04 14:42:34.125  WARN 30456 --- [http-nio-5000-exec-4] o.s.web.servlet.PageNotFound             : Request method 'HEAD' not supported
2017-07-04 14:42:44.202  INFO 30456 --- [AsyncResolver-bootstrap-executor-0] c.n.d.s.r.aws.ConfigClusterResolver      : Resolving eureka endpoints via configuration
2017-07-04 14:47:44.230  INFO 30456 --- [AsyncResolver-bootstrap-executor-0] c.n.d.s.r.aws.ConfigClusterResolver      : Resolving eureka endpoints via configuration
2017-07-04 14:48:13.499  INFO 30280 --- [main] com.forezp.AdminServerApplication        : No active profile set, falling back to default profiles: default
2017-07-04 14:48:13.511  INFO 30280 --- [main] ationConfigEmbeddedWebApplicationContext : Refreshing org.springframework.boot.context.embedded.AnnotationConfigEmbeddedWebApplicationContext@58ffcbd7: startup date [Tue Jul 04 14:48:13 CST 2017]; parent: org.springframework.context.annotation.AnnotationConfigApplicationContext@323b36e0
2017-07-04 14:48:14.188  INFO 30280 --- [main] o.s.b.f.s.DefaultListableBeanFactory     : Overriding bean definition for bean 'counterFactory' with a different definition: replacing [Root bean: class [null]; scope=; abstract=false; lazyInit=false; autowireMode=3; dependencyCheck=0; autowireCandidate=true; primary=false; factoryBeanName=org.springframework.cloud.netflix.zuul.ZuulConfiguration$ZuulMetricsConfiguration; factoryMethodName=counterFactory; initMethodName=null; destroyMethodName=(inferred); defined in class path resource [org/springframework/cloud/netflix/zuul/ZuulConfiguration$ZuulMetricsConfiguration.class]] with [Root bean: class [null]; scope=; abstract=false; lazyInit=false; autowireMode=3; dependencyCheck=0; autowireCandidate=true; primary=false; factoryBeanName=org.springframework.cloud.netflix.zuul.ZuulConfiguration$ZuulCounterFactoryConfiguration; factoryMethodName=counterFactory; initMethodName=null; destroyMethodName=(inferred); defined in class path resource [org/springframework/cloud/netflix/zuul/ZuulConfiguration$ZuulCounterFactoryConfiguration.class]]
2017-07-04 14:48:14.306  INFO 30280 --- [main] o.s.cloud.context.scope.GenericScope     : BeanFactory id=71ea47d6-4f07-3c20-8a5c-74311f354d61
2017-07-04 14:48:14.324  INFO 30280 --- [main] f.a.AutowiredAnnotationBeanPostProcessor : JSR-330 'javax.inject.Inject' annotation found and supported for autowiring
2017-07-04 14:48:14.370  INFO 30280 --- [main] trationDelegate$BeanPostProcessorChecker : Bean 'org.springframework.cloud.netflix.metrics.MetricsInterceptorConfiguration$MetricsRestTemplateConfiguration' of type [org.springframework.cloud.netflix.metrics.MetricsInterceptorConfiguration$MetricsRestTemplateConfiguration$$EnhancerBySpringCGLIB$$7748e60c] is not eligible for getting processed by all BeanPostProcessors (for example: not eligible for auto-proxying)
2017-07-04 14:48:14.380  INFO 30280 --- [main] trationDelegate$BeanPostProcessorChecker : Bean 'org.springframework.cloud.autoconfigure.ConfigurationPropertiesRebinderAutoConfiguration' of type [org.springframework.cloud.autoconfigure.ConfigurationPropertiesRebinderAutoConfiguration$$EnhancerBySpringCGLIB$$613642c8] is not eligible for getting processed by all BeanPostProcessors (for example: not eligible for auto-proxying)
2017-07-04 14:48:14.692  INFO 30280 --- [main] s.b.c.e.t.TomcatEmbeddedServletContainer : Tomcat initialized with port(s): 5000 (http)
2017-07-04 14:48:14.699  INFO 30280 --- [main] o.apache.catalina.core.StandardService   : Starting service Tomcat
2017-07-04 14:48:14.700  INFO 30280 --- [main] org.apache.catalina.core.StandardEngine  : Starting Servlet Engine: Apache Tomcat/8.5.14
2017-07-04 14:48:14.782  INFO 30280 --- [localhost-startStop-1] o.a.c.c.C.[Tomcat].[localhost].[/]       : Initializing Spring embedded WebApplicationContext
2017-07-04 14:48:14.782  INFO 30280 --- [localhost-startStop-1] o.s.web.context.ContextLoader            : Root WebApplicationContext: initialization completed in 1271 ms
2017-07-04 14:48:15.104  WARN 30280 --- [localhost-startStop-1] c.n.c.sources.URLConfigurationSource     : No URLs will be polled as dynamic configuration sources.
2017-07-04 14:48:15.104  INFO 30280 --- [localhost-startStop-1] c.n.c.sources.URLConfigurationSource     : To enable URLs as dynamic configuration sources, define System property archaius.configurationSource.additionalUrls or make config.properties available on classpath.
2017-07-04 14:48:15.107  INFO 30280 --- [localhost-startStop-1] c.netflix.config.DynamicPropertyFactory  : DynamicPropertyFactory is initialized with configuration sources: com.netflix.config.ConcurrentCompositeConfiguration@6f21ad5c
2017-07-04 14:48:15.389  INFO 30280 --- [localhost-startStop-1] o.s.b.w.servlet.ServletRegistrationBean  : Mapping servlet: 'dispatcherServlet' to [/]
2017-07-04 14:48:15.390  INFO 30280 --- [localhost-startStop-1] o.s.b.w.servlet.ServletRegistrationBean  : Mapping servlet: 'zuulServlet' to [/zuul/*]
2017-07-04 14:48:15.392  INFO 30280 --- [localhost-startStop-1] o.s.b.w.servlet.FilterRegistrationBean   : Mapping filter: 'metricsFilter' to: [/*]
2017-07-04 14:48:15.393  INFO 30280 --- [localhost-startStop-1] o.s.b.w.servlet.FilterRegistrationBean   : Mapping filter: 'characterEncodingFilter' to: [/*]
2017-07-04 14:48:15.393  INFO 30280 --- [localhost-startStop-1] o.s.b.w.servlet.FilterRegistrationBean   : Mapping filter: 'hiddenHttpMethodFilter' to: [/*]
2017-07-04 14:48:15.393  INFO 30280 --- [localhost-startStop-1] o.s.b.w.servlet.FilterRegistrationBean   : Mapping filter: 'httpPutFormContentFilter' to: [/*]
2017-07-04 14:48:15.393  INFO 30280 --- [localhost-startStop-1] o.s.b.w.servlet.FilterRegistrationBean   : Mapping filter: 'requestContextFilter' to: [/*]
2017-07-04 14:48:15.393  INFO 30280 --- [localhost-startStop-1] o.s.b.w.servlet.FilterRegistrationBean   : Mapping filter: 'webRequestLoggingFilter' to: [/*]
2017-07-04 14:48:15.393  INFO 30280 --- [localhost-startStop-1] o.s.b.w.servlet.FilterRegistrationBean   : Mapping filter: 'applicationContextIdFilter' to: [/*]
2017-07-04 14:48:15.402  INFO 30280 --- [localhost-startStop-1] o.s.c.n.zuul.ZuulFilterInitializer       : Starting filter initializer context listener
2017-07-04 14:48:16.178  INFO 30280 --- [main] o.a.c.c.C.[Tomcat].[localhost].[/]       : jolokia: No access restrictor found, access to any MBean is allowed
2017-07-04 14:48:16.305  INFO 30280 --- [main] s.w.s.m.m.a.RequestMappingHandlerAdapter : Looking for @ControllerAdvice: org.springframework.boot.context.embedded.AnnotationConfigEmbeddedWebApplicationContext@58ffcbd7: startup date [Tue Jul 04 14:48:13 CST 2017]; parent: org.springframework.context.annotation.AnnotationConfigApplicationContext@323b36e0
2017-07-04 14:48:16.369  INFO 30280 --- [main] s.w.s.m.m.a.RequestMappingHandlerMapping : Mapped "{[/error]}" onto public org.springframework.http.ResponseEntity<java.util.Map<java.lang.String, java.lang.Object>> org.springframework.boot.autoconfigure.web.BasicErrorController.error(javax.servlet.http.HttpServletRequest)
2017-07-04 14:48:16.369  INFO 30280 --- [main] s.w.s.m.m.a.RequestMappingHandlerMapping : Mapped "{[/error],produces=[text/html]}" onto public org.springframework.web.servlet.ModelAndView org.springframework.boot.autoconfigure.web.BasicErrorController.errorHtml(javax.servlet.http.HttpServletRequest,javax.servlet.http.HttpServletResponse)
2017-07-04 14:48:16.373  INFO 30280 --- [main] s.w.s.m.m.a.RequestMappingHandlerMapping : Mapped "{[/api/applications/{id}],methods=[GET]}" onto public org.springframework.http.ResponseEntity<?> de.codecentric.boot.admin.registry.web.RegistryController.get(java.lang.String)
2017-07-04 14:48:16.374  INFO 30280 --- [main] s.w.s.m.m.a.RequestMappingHandlerMapping : Mapped "{[/api/applications],methods=[POST]}" onto public org.springframework.http.ResponseEntity<de.codecentric.boot.admin.model.Application> de.codecentric.boot.admin.registry.web.RegistryController.register(de.codecentric.boot.admin.model.Application)
2017-07-04 14:48:16.374  INFO 30280 --- [main] s.w.s.m.m.a.RequestMappingHandlerMapping : Mapped "{[/api/applications/{id}],methods=[DELETE]}" onto public org.springframework.http.ResponseEntity<?> de.codecentric.boot.admin.registry.web.RegistryController.unregister(java.lang.String)
2017-07-04 14:48:16.374  INFO 30280 --- [main] s.w.s.m.m.a.RequestMappingHandlerMapping : Mapped "{[/api/applications],methods=[GET]}" onto public java.util.Collection<de.codecentric.boot.admin.model.Application> de.codecentric.boot.admin.registry.web.RegistryController.applications(java.lang.String)
2017-07-04 14:48:16.376  INFO 30280 --- [main] s.w.s.m.m.a.RequestMappingHandlerMapping : Mapped "{[/api/journal],produces=[application/json]}" onto public java.util.Collection<de.codecentric.boot.admin.event.ClientApplicationEvent> de.codecentric.boot.admin.journal.web.JournalController.getJournal()
2017-07-04 14:48:16.376  INFO 30280 --- [main] s.w.s.m.m.a.RequestMappingHandlerMapping : Mapped "{[/api/journal],produces=[text/event-stream]}" onto public org.springframework.web.servlet.mvc.method.annotation.SseEmitter de.codecentric.boot.admin.journal.web.JournalController.getJournalEvents()
2017-07-04 14:48:16.386  INFO 30280 --- [main] o.s.w.s.handler.SimpleUrlHandlerMapping  : Root mapping to handler of type [class org.springframework.web.servlet.mvc.ParameterizableViewController]
2017-07-04 14:48:16.396  WARN 30280 --- [main] o.s.w.s.r.ResourceHttpRequestHandler     : Locations list is empty. No resources will be served unless a custom ResourceResolver is configured as an alternative to PathResourceResolver.
2017-07-04 14:48:16.397  WARN 30280 --- [main] o.s.w.s.r.ResourceHttpRequestHandler     : Locations list is empty. No resources will be served unless a custom ResourceResolver is configured as an alternative to PathResourceResolver.
2017-07-04 14:48:16.398  INFO 30280 --- [main] o.s.w.s.handler.SimpleUrlHandlerMapping  : Mapped URL path [/webjars/**] onto handler of type [class org.springframework.web.servlet.resource.ResourceHttpRequestHandler]
2017-07-04 14:48:16.398  INFO 30280 --- [main] o.s.w.s.handler.SimpleUrlHandlerMapping  : Mapped URL path [/**] onto handler of type [class org.springframework.web.servlet.resource.ResourceHttpRequestHandler]
2017-07-04 14:48:16.398  INFO 30280 --- [main] o.s.w.s.handler.SimpleUrlHandlerMapping  : Mapped URL path [/all-modules.css] onto handler of type [class org.springframework.web.servlet.resource.ResourceHttpRequestHandler]
2017-07-04 14:48:16.398  INFO 30280 --- [main] o.s.w.s.handler.SimpleUrlHandlerMapping  : Mapped URL path [/all-modules.js] onto handler of type [class org.springframework.web.servlet.resource.ResourceHttpRequestHandler]
2017-07-04 14:48:16.431  INFO 30280 --- [main] o.s.w.s.handler.SimpleUrlHandlerMapping  : Mapped URL path [/**/favicon.ico] onto handler of type [class org.springframework.web.servlet.resource.ResourceHttpRequestHandler]
2017-07-04 14:48:16.750  INFO 30280 --- [main] o.s.b.a.e.mvc.EndpointHandlerMapping     : Mapped "{[/auditevents || /auditevents.json],methods=[GET],produces=[application/vnd.spring-boot.actuator.v1+json || application/json]}" onto public org.springframework.http.ResponseEntity<?> org.springframework.boot.actuate.endpoint.mvc.AuditEventsMvcEndpoint.findByPrincipalAndAfterAndType(java.lang.String,java.util.Date,java.lang.String)
2017-07-04 14:48:16.750  INFO 30280 --- [main] o.s.b.a.e.mvc.EndpointHandlerMapping     : Mapped "{[/metrics/{name:.*}],methods=[GET],produces=[application/vnd.spring-boot.actuator.v1+json || application/json]}" onto public java.lang.Object org.springframework.boot.actuate.endpoint.mvc.MetricsMvcEndpoint.value(java.lang.String)
2017-07-04 14:48:16.751  INFO 30280 --- [main] o.s.b.a.e.mvc.EndpointHandlerMapping     : Mapped "{[/metrics || /metrics.json],methods=[GET],produces=[application/vnd.spring-boot.actuator.v1+json || application/json]}" onto public java.lang.Object org.springframework.boot.actuate.endpoint.mvc.EndpointMvcAdapter.invoke()
2017-07-04 14:48:16.751  INFO 30280 --- [main] o.s.b.a.e.mvc.EndpointHandlerMapping     : Mapped "{[/dump || /dump.json],methods=[GET],produces=[application/vnd.spring-boot.actuator.v1+json || application/json]}" onto public java.lang.Object org.springframework.boot.actuate.endpoint.mvc.EndpointMvcAdapter.invoke()
2017-07-04 14:48:16.751  INFO 30280 --- [main] o.s.b.a.e.mvc.EndpointHandlerMapping     : Mapped "{[/jolokia/**]}" onto public org.springframework.web.servlet.ModelAndView org.springframework.boot.actuate.endpoint.mvc.JolokiaMvcEndpoint.handle(javax.servlet.http.HttpServletRequest,javax.servlet.http.HttpServletResponse) throws java.lang.Exception
2017-07-04 14:48:16.753  INFO 30280 --- [main] o.s.b.a.e.mvc.EndpointHandlerMapping     : Mapped "{[/trace || /trace.json],methods=[GET],produces=[application/vnd.spring-boot.actuator.v1+json || application/json]}" onto public java.lang.Object org.springframework.boot.actuate.endpoint.mvc.EndpointMvcAdapter.invoke()
2017-07-04 14:48:16.753  INFO 30280 --- [main] o.s.b.a.e.mvc.EndpointHandlerMapping     : Mapped "{[/autoconfig || /autoconfig.json],methods=[GET],produces=[application/vnd.spring-boot.actuator.v1+json || application/json]}" onto public java.lang.Object org.springframework.boot.actuate.endpoint.mvc.EndpointMvcAdapter.invoke()
2017-07-04 14:48:16.753  INFO 30280 --- [main] o.s.b.a.e.mvc.EndpointHandlerMapping     : Mapped "{[/restart || /restart.json],methods=[POST]}" onto public java.lang.Object org.springframework.cloud.context.restart.RestartMvcEndpoint.invoke()
2017-07-04 14:48:16.754  INFO 30280 --- [main] o.s.b.a.e.mvc.EndpointHandlerMapping     : Mapped "{[/resume || /resume.json],methods=[POST]}" onto public java.lang.Object org.springframework.cloud.endpoint.GenericPostableMvcEndpoint.invoke()
2017-07-04 14:48:16.755  INFO 30280 --- [main] o.s.b.a.e.mvc.EndpointHandlerMapping     : Mapped "{[/logfile || /logfile.json],methods=[GET || HEAD]}" onto public void org.springframework.boot.actuate.endpoint.mvc.LogFileMvcEndpoint.invoke(javax.servlet.http.HttpServletRequest,javax.servlet.http.HttpServletResponse) throws javax.servlet.ServletException,java.io.IOException
2017-07-04 14:48:16.755  INFO 30280 --- [main] o.s.b.a.e.mvc.EndpointHandlerMapping     : Mapped "{[/env/{name:.*}],methods=[GET],produces=[application/vnd.spring-boot.actuator.v1+json || application/json]}" onto public java.lang.Object org.springframework.boot.actuate.endpoint.mvc.EnvironmentMvcEndpoint.value(java.lang.String)
2017-07-04 14:48:16.755  INFO 30280 --- [main] o.s.b.a.e.mvc.EndpointHandlerMapping     : Mapped "{[/env || /env.json],methods=[GET],produces=[application/vnd.spring-boot.actuator.v1+json || application/json]}" onto public java.lang.Object org.springframework.boot.actuate.endpoint.mvc.EndpointMvcAdapter.invoke()
2017-07-04 14:48:16.756  INFO 30280 --- [main] o.s.b.a.e.mvc.EndpointHandlerMapping     : Mapped "{[/env],methods=[POST]}" onto public java.lang.Object org.springframework.cloud.context.environment.EnvironmentManagerMvcEndpoint.value(java.util.Map<java.lang.String, java.lang.String>)
2017-07-04 14:48:16.756  INFO 30280 --- [main] o.s.b.a.e.mvc.EndpointHandlerMapping     : Mapped "{[/env/reset],methods=[POST]}" onto public java.util.Map<java.lang.String, java.lang.Object> org.springframework.cloud.context.environment.EnvironmentManagerMvcEndpoint.reset()
2017-07-04 14:48:16.756  INFO 30280 --- [main] o.s.b.a.e.mvc.EndpointHandlerMapping     : Mapped "{[/heapdump || /heapdump.json],methods=[GET],produces=[application/octet-stream]}" onto public void org.springframework.boot.actuate.endpoint.mvc.HeapdumpMvcEndpoint.invoke(boolean,javax.servlet.http.HttpServletRequest,javax.servlet.http.HttpServletResponse) throws java.io.IOException,javax.servlet.ServletException
2017-07-04 14:48:16.757  INFO 30280 --- [main] o.s.b.a.e.mvc.EndpointHandlerMapping     : Mapped "{[/archaius || /archaius.json],methods=[GET],produces=[application/vnd.spring-boot.actuator.v1+json || application/json]}" onto public java.lang.Object org.springframework.boot.actuate.endpoint.mvc.EndpointMvcAdapter.invoke()
2017-07-04 14:48:16.758  INFO 30280 --- [main] o.s.b.a.e.mvc.EndpointHandlerMapping     : Mapped "{[/health || /health.json],methods=[GET],produces=[application/vnd.spring-boot.actuator.v1+json || application/json]}" onto public java.lang.Object org.springframework.boot.actuate.endpoint.mvc.HealthMvcEndpoint.invoke(javax.servlet.http.HttpServletRequest,java.security.Principal)
2017-07-04 14:48:16.758  INFO 30280 --- [main] o.s.b.a.e.mvc.EndpointHandlerMapping     : Mapped "{[/pause || /pause.json],methods=[POST]}" onto public java.lang.Object org.springframework.cloud.endpoint.GenericPostableMvcEndpoint.invoke()
2017-07-04 14:48:16.759  INFO 30280 --- [main] o.s.b.a.e.mvc.EndpointHandlerMapping     : Mapped "{[/loggers/{name:.*}],methods=[GET],produces=[application/vnd.spring-boot.actuator.v1+json || application/json]}" onto public java.lang.Object org.springframework.boot.actuate.endpoint.mvc.LoggersMvcEndpoint.get(java.lang.String)
2017-07-04 14:48:16.760  INFO 30280 --- [main] o.s.b.a.e.mvc.EndpointHandlerMapping     : Mapped "{[/loggers/{name:.*}],methods=[POST],consumes=[application/vnd.spring-boot.actuator.v1+json || application/json],produces=[application/vnd.spring-boot.actuator.v1+json || application/json]}" onto public java.lang.Object org.springframework.boot.actuate.endpoint.mvc.LoggersMvcEndpoint.set(java.lang.String,java.util.Map<java.lang.String, java.lang.String>)
2017-07-04 14:48:16.760  INFO 30280 --- [main] o.s.b.a.e.mvc.EndpointHandlerMapping     : Mapped "{[/loggers || /loggers.json],methods=[GET],produces=[application/vnd.spring-boot.actuator.v1+json || application/json]}" onto public java.lang.Object org.springframework.boot.actuate.endpoint.mvc.EndpointMvcAdapter.invoke()
2017-07-04 14:48:16.760  INFO 30280 --- [main] o.s.b.a.e.mvc.EndpointHandlerMapping     : Mapped "{[/service-registry/instance-status],methods=[GET]}" onto public org.springframework.http.ResponseEntity org.springframework.cloud.client.serviceregistry.endpoint.ServiceRegistryEndpoint.getStatus()
2017-07-04 14:48:16.760  INFO 30280 --- [main] o.s.b.a.e.mvc.EndpointHandlerMapping     : Mapped "{[/service-registry/instance-status],methods=[POST]}" onto public org.springframework.http.ResponseEntity<?> org.springframework.cloud.client.serviceregistry.endpoint.ServiceRegistryEndpoint.setStatus(java.lang.String)
2017-07-04 14:48:16.760  INFO 30280 --- [main] o.s.b.a.e.mvc.EndpointHandlerMapping     : Mapped "{[/mappings || /mappings.json],methods=[GET],produces=[application/vnd.spring-boot.actuator.v1+json || application/json]}" onto public java.lang.Object org.springframework.boot.actuate.endpoint.mvc.EndpointMvcAdapter.invoke()
2017-07-04 14:48:16.761  INFO 30280 --- [main] o.s.b.a.e.mvc.EndpointHandlerMapping     : Mapped "{[/info || /info.json],methods=[GET],produces=[application/vnd.spring-boot.actuator.v1+json || application/json]}" onto public java.lang.Object org.springframework.boot.actuate.endpoint.mvc.EndpointMvcAdapter.invoke()
2017-07-04 14:48:16.761  INFO 30280 --- [main] o.s.b.a.e.mvc.EndpointHandlerMapping     : Mapped "{[/configprops || /configprops.json],methods=[GET],produces=[application/vnd.spring-boot.actuator.v1+json || application/json]}" onto public java.lang.Object org.springframework.boot.actuate.endpoint.mvc.EndpointMvcAdapter.invoke()
2017-07-04 14:48:16.761  INFO 30280 --- [main] o.s.b.a.e.mvc.EndpointHandlerMapping     : Mapped "{[/refresh || /refresh.json],methods=[POST]}" onto public java.lang.Object org.springframework.cloud.endpoint.GenericPostableMvcEndpoint.invoke()
2017-07-04 14:48:16.762  INFO 30280 --- [main] o.s.b.a.e.mvc.EndpointHandlerMapping     : Mapped "{[/features || /features.json],methods=[GET],produces=[application/vnd.spring-boot.actuator.v1+json || application/json]}" onto public java.lang.Object org.springframework.boot.actuate.endpoint.mvc.EndpointMvcAdapter.invoke()
2017-07-04 14:48:16.762  INFO 30280 --- [main] o.s.b.a.e.mvc.EndpointHandlerMapping     : Mapped "{[/beans || /beans.json],methods=[GET],produces=[application/vnd.spring-boot.actuator.v1+json || application/json]}" onto public java.lang.Object org.springframework.boot.actuate.endpoint.mvc.EndpointMvcAdapter.invoke()
2017-07-04 14:48:16.762  INFO 30280 --- [main] o.s.b.a.e.mvc.EndpointHandlerMapping     : Mapped "{[/routes || /routes.json],methods=[GET],produces=[application/vnd.spring-boot.actuator.v1+json || application/json]}" onto public java.lang.Object org.springframework.boot.actuate.endpoint.mvc.EndpointMvcAdapter.invoke()
2017-07-04 14:48:16.838  WARN 30280 --- [main] c.n.c.sources.URLConfigurationSource     : No URLs will be polled as dynamic configuration sources.
2017-07-04 14:48:16.838  INFO 30280 --- [main] c.n.c.sources.URLConfigurationSource     : To enable URLs as dynamic configuration sources, define System property archaius.configurationSource.additionalUrls or make config.properties available on classpath.
2017-07-04 14:48:16.919  INFO 30280 --- [main] o.s.s.c.ThreadPoolTaskScheduler          : Initializing ExecutorService  'updateTaskScheduler'
2017-07-04 14:48:16.940  INFO 30280 --- [main] d.c.boot.admin.web.PrefixHandlerMapping  : Mapped "{[/api/applications/{id}],methods=[GET]}" onto public org.springframework.http.ResponseEntity<?> de.codecentric.boot.admin.registry.web.RegistryController.get(java.lang.String)
2017-07-04 14:48:16.940  INFO 30280 --- [main] d.c.boot.admin.web.PrefixHandlerMapping  : Mapped "{[/api/applications],methods=[POST]}" onto public org.springframework.http.ResponseEntity<de.codecentric.boot.admin.model.Application> de.codecentric.boot.admin.registry.web.RegistryController.register(de.codecentric.boot.admin.model.Application)
2017-07-04 14:48:16.941  INFO 30280 --- [main] d.c.boot.admin.web.PrefixHandlerMapping  : Mapped "{[/api/applications/{id}],methods=[DELETE]}" onto public org.springframework.http.ResponseEntity<?> de.codecentric.boot.admin.registry.web.RegistryController.unregister(java.lang.String)
2017-07-04 14:48:16.941  INFO 30280 --- [main] d.c.boot.admin.web.PrefixHandlerMapping  : Mapped "{[/api/applications],methods=[GET]}" onto public java.util.Collection<de.codecentric.boot.admin.model.Application> de.codecentric.boot.admin.registry.web.RegistryController.applications(java.lang.String)
2017-07-04 14:48:16.941  INFO 30280 --- [main] d.c.boot.admin.web.PrefixHandlerMapping  : Mapped "{[/api/journal],produces=[application/json]}" onto public java.util.Collection<de.codecentric.boot.admin.event.ClientApplicationEvent> de.codecentric.boot.admin.journal.web.JournalController.getJournal()
2017-07-04 14:48:16.941  INFO 30280 --- [main] d.c.boot.admin.web.PrefixHandlerMapping  : Mapped "{[/api/journal],produces=[text/event-stream]}" onto public org.springframework.web.servlet.mvc.method.annotation.SseEmitter de.codecentric.boot.admin.journal.web.JournalController.getJournalEvents()
2017-07-04 14:48:17.130  INFO 30280 --- [main] o.s.j.e.a.AnnotationMBeanExporter        : Registering beans for JMX exposure on startup
2017-07-04 14:48:17.135  INFO 30280 --- [main] o.s.j.e.a.AnnotationMBeanExporter        : Bean with name 'environmentManager' has been autodetected for JMX exposure
2017-07-04 14:48:17.136  INFO 30280 --- [main] o.s.j.e.a.AnnotationMBeanExporter        : Bean with name 'configurationPropertiesRebinder' has been autodetected for JMX exposure
2017-07-04 14:48:17.137  INFO 30280 --- [main] o.s.j.e.a.AnnotationMBeanExporter        : Bean with name 'refreshEndpoint' has been autodetected for JMX exposure
2017-07-04 14:48:17.137  INFO 30280 --- [main] o.s.j.e.a.AnnotationMBeanExporter        : Bean with name 'restartEndpoint' has been autodetected for JMX exposure
2017-07-04 14:48:17.138  INFO 30280 --- [main] o.s.j.e.a.AnnotationMBeanExporter        : Bean with name 'serviceRegistryEndpoint' has been autodetected for JMX exposure
2017-07-04 14:48:17.138  INFO 30280 --- [main] o.s.j.e.a.AnnotationMBeanExporter        : Bean with name 'zuulEndpoint' has been autodetected for JMX exposure
2017-07-04 14:48:17.139  INFO 30280 --- [main] o.s.j.e.a.AnnotationMBeanExporter        : Bean with name 'refreshScope' has been autodetected for JMX exposure
2017-07-04 14:48:17.140  INFO 30280 --- [main] o.s.j.e.a.AnnotationMBeanExporter        : Located managed bean 'environmentManager': registering with JMX server as MBean [org.springframework.cloud.context.environment:name=environmentManager,type=EnvironmentManager]
2017-07-04 14:48:17.148  INFO 30280 --- [main] o.s.j.e.a.AnnotationMBeanExporter        : Located managed bean 'restartEndpoint': registering with JMX server as MBean [org.springframework.cloud.context.restart:name=restartEndpoint,type=RestartEndpoint]
2017-07-04 14:48:17.154  INFO 30280 --- [main] o.s.j.e.a.AnnotationMBeanExporter        : Located managed bean 'serviceRegistryEndpoint': registering with JMX server as MBean [org.springframework.cloud.client.serviceregistry.endpoint:name=serviceRegistryEndpoint,type=ServiceRegistryEndpoint]
2017-07-04 14:48:17.159  INFO 30280 --- [main] o.s.j.e.a.AnnotationMBeanExporter        : Located managed bean 'refreshScope': registering with JMX server as MBean [org.springframework.cloud.context.scope.refresh:name=refreshScope,type=RefreshScope]
2017-07-04 14:48:17.164  INFO 30280 --- [main] o.s.j.e.a.AnnotationMBeanExporter        : Located managed bean 'zuulEndpoint': registering with JMX server as MBean [org.springframework.cloud.netflix.zuul:name=zuulEndpoint,type=RoutesEndpoint]
2017-07-04 14:48:17.165  WARN 30280 --- [main] o.s.j.e.a.AnnotationMBeanExporter        : Bean with key 'zuulEndpoint' has been registered as an MBean but has no exposed attributes or operations
2017-07-04 14:48:17.165  INFO 30280 --- [main] o.s.j.e.a.AnnotationMBeanExporter        : Located managed bean 'configurationPropertiesRebinder': registering with JMX server as MBean [org.springframework.cloud.context.properties:name=configurationPropertiesRebinder,context=58ffcbd7,type=ConfigurationPropertiesRebinder]
2017-07-04 14:48:17.168  INFO 30280 --- [main] o.s.j.e.a.AnnotationMBeanExporter        : Located managed bean 'refreshEndpoint': registering with JMX server as MBean [org.springframework.cloud.endpoint:name=refreshEndpoint,type=RefreshEndpoint]
2017-07-04 14:48:17.326  INFO 30280 --- [main] o.a.c.c.C.[Tomcat].[localhost].[/]       : jolokia: No access restrictor found, access to any MBean is allowed
2017-07-04 14:48:17.329  INFO 30280 --- [main] o.a.c.c.C.[Tomcat].[localhost].[/]       : jolokia: jolokia:type=Config is already registered. Adding it with jolokia:type=Config,uuid=1654c1c4-bacb-4fce-ba33-f28b39a80847, but you should revise your setup in order to either use a qualifier or ensure, that only a single agent gets registered (otherwise history functionality might not work)
2017-07-04 14:48:17.329  INFO 30280 --- [main] o.a.c.c.C.[Tomcat].[localhost].[/]       : jolokia: Cannot register (legacy) MBean handler for config store with name jmx4perl:type=Config since it already exists. This is the case if another agent has been already started within the same JVM. The registration is skipped.
2017-07-04 14:48:17.329  INFO 30280 --- [main] o.a.c.c.C.[Tomcat].[localhost].[/]       : jolokia: Jolokia Discovery MBean registration is skipped because there is already one registered.
2017-07-04 14:48:17.374  INFO 30280 --- [main] o.s.c.support.DefaultLifecycleProcessor  : Starting beans in phase 0
2017-07-04 14:48:17.380  INFO 30280 --- [main] o.s.c.n.eureka.InstanceInfoFactory       : Setting initial instance status as: STARTING
2017-07-04 14:48:17.403  INFO 30280 --- [main] com.netflix.discovery.DiscoveryClient    : Initializing Eureka in region us-east-1
2017-07-04 14:48:17.436  INFO 30280 --- [main] c.n.d.provider.DiscoveryJerseyProvider   : Using JSON encoding codec LegacyJacksonJson
2017-07-04 14:48:17.436  INFO 30280 --- [main] c.n.d.provider.DiscoveryJerseyProvider   : Using JSON decoding codec LegacyJacksonJson
2017-07-04 14:48:17.492  INFO 30280 --- [main] c.n.d.provider.DiscoveryJerseyProvider   : Using XML encoding codec XStreamXml
2017-07-04 14:48:17.492  INFO 30280 --- [main] c.n.d.provider.DiscoveryJerseyProvider   : Using XML decoding codec XStreamXml
2017-07-04 14:48:17.597  INFO 30280 --- [main] c.n.d.s.r.aws.ConfigClusterResolver      : Resolving eureka endpoints via configuration
2017-07-04 14:48:17.656  INFO 30280 --- [main] com.netflix.discovery.DiscoveryClient    : Disable delta property : false
2017-07-04 14:48:17.656  INFO 30280 --- [main] com.netflix.discovery.DiscoveryClient    : Single vip registry refresh property : null
2017-07-04 14:48:17.656  INFO 30280 --- [main] com.netflix.discovery.DiscoveryClient    : Force full registry fetch : false
2017-07-04 14:48:17.656  INFO 30280 --- [main] com.netflix.discovery.DiscoveryClient    : Application is null : false
2017-07-04 14:48:17.656  INFO 30280 --- [main] com.netflix.discovery.DiscoveryClient    : Registered Applications size is zero : true
2017-07-04 14:48:17.656  INFO 30280 --- [main] com.netflix.discovery.DiscoveryClient    : Application version is -1: true
2017-07-04 14:48:17.656  INFO 30280 --- [main] com.netflix.discovery.DiscoveryClient    : Getting all instance registry info from the eureka server
2017-07-04 14:48:17.739  INFO 30280 --- [main] com.netflix.discovery.DiscoveryClient    : The response status is 200
2017-07-04 14:48:17.740  INFO 30280 --- [main] com.netflix.discovery.DiscoveryClient    : Starting heartbeat executor: renew interval is: 30
2017-07-04 14:48:17.741  INFO 30280 --- [main] c.n.discovery.InstanceInfoReplicator     : InstanceInfoReplicator onDemand update allowed rate per min is 4
2017-07-04 14:48:17.743  INFO 30280 --- [main] com.netflix.discovery.DiscoveryClient    : Discovery Client initialized at timestamp 1499150897743 with initial instances count: 2
2017-07-04 14:48:17.756  INFO 30280 --- [main] o.s.c.n.e.s.EurekaServiceRegistry        : Registering application service-admin with eureka with status UP
2017-07-04 14:48:17.756  INFO 30280 --- [main] com.netflix.discovery.DiscoveryClient    : Saw local status change event StatusChangeEvent [timestamp=1499150897756, current=UP, previous=STARTING]
2017-07-04 14:48:17.757  INFO 30280 --- [DiscoveryClient-InstanceInfoReplicator-0] com.netflix.discovery.DiscoveryClient    : DiscoveryClient_SERVICE-ADMIN/fangzhipeng.xiaoanoa.com:service-admin:5000: registering service...
2017-07-04 14:48:17.764  INFO 30280 --- [main] d.c.b.a.registry.ApplicationRegistry     : New Application Application [id=ccefd2b3, name=SERVICE-LUCY, managementUrl=http://fangzhipeng.xiaoanoa.com:8763, healthUrl=http://fangzhipeng.xiaoanoa.com:8763/health, serviceUrl=http://fangzhipeng.xiaoanoa.com:8763] registered 
2017-07-04 14:48:17.773  INFO 30280 --- [main] d.c.b.a.registry.ApplicationRegistry     : New Application Application [id=2a5aa469, name=SERVICE-ADMIN, managementUrl=http://fangzhipeng.xiaoanoa.com:5000, healthUrl=http://fangzhipeng.xiaoanoa.com:5000/health, serviceUrl=http://fangzhipeng.xiaoanoa.com:5000] registered 
2017-07-04 14:48:17.778  INFO 30280 --- [DiscoveryClient-InstanceInfoReplicator-0] com.netflix.discovery.DiscoveryClient    : DiscoveryClient_SERVICE-ADMIN/fangzhipeng.xiaoanoa.com:service-admin:5000 - registration status: 204
2017-07-04 14:48:17.869  INFO 30280 --- [main] s.b.c.e.t.TomcatEmbeddedServletContainer : Tomcat started on port(s): 5000 (http)
2017-07-04 14:48:17.888  INFO 30280 --- [main] .s.c.n.e.s.EurekaAutoServiceRegistration : Updating port to 5000
2017-07-04 14:48:17.891  INFO 30280 --- [main] com.forezp.AdminServerApplication        : Started AdminServerApplication in 9.477 seconds (JVM running for 9.989)
2017-07-04 14:48:18.012  INFO 30280 --- [http-nio-5000-exec-4] o.a.c.c.C.[Tomcat].[localhost].[/]       : Initializing Spring FrameworkServlet 'dispatcherServlet'
2017-07-04 14:48:18.012  INFO 30280 --- [http-nio-5000-exec-4] o.s.web.servlet.DispatcherServlet        : FrameworkServlet 'dispatcherServlet': initialization started
2017-07-04 14:48:18.023  INFO 30280 --- [http-nio-5000-exec-4] o.s.web.servlet.DispatcherServlet        : FrameworkServlet 'dispatcherServlet': initialization completed in 11 ms
2017-07-04 14:48:18.030  INFO 30280 --- [http-nio-5000-exec-4] o.s.c.n.zuul.web.ZuulHandlerMapping      : Mapped URL path [/api/applications/ccefd2b3/health/**] onto handler of type [class de.codecentric.boot.admin.zuul.OptionsDispatchingZuulController]
2017-07-04 14:48:18.030  INFO 30280 --- [http-nio-5000-exec-4] o.s.c.n.zuul.web.ZuulHandlerMapping      : Mapped URL path [/api/applications/ccefd2b3/env/**] onto handler of type [class de.codecentric.boot.admin.zuul.OptionsDispatchingZuulController]
2017-07-04 14:48:18.030  INFO 30280 --- [http-nio-5000-exec-4] o.s.c.n.zuul.web.ZuulHandlerMapping      : Mapped URL path [/api/applications/ccefd2b3/metrics/**] onto handler of type [class de.codecentric.boot.admin.zuul.OptionsDispatchingZuulController]
2017-07-04 14:48:18.030  INFO 30280 --- [http-nio-5000-exec-4] o.s.c.n.zuul.web.ZuulHandlerMapping      : Mapped URL path [/api/applications/ccefd2b3/trace/**] onto handler of type [class de.codecentric.boot.admin.zuul.OptionsDispatchingZuulController]
2017-07-04 14:48:18.030  INFO 30280 --- [http-nio-5000-exec-4] o.s.c.n.zuul.web.ZuulHandlerMapping      : Mapped URL path [/api/applications/ccefd2b3/dump/**] onto handler of type [class de.codecentric.boot.admin.zuul.OptionsDispatchingZuulController]
2017-07-04 14:48:18.030  INFO 30280 --- [http-nio-5000-exec-4] o.s.c.n.zuul.web.ZuulHandlerMapping      : Mapped URL path [/api/applications/ccefd2b3/jolokia/**] onto handler of type [class de.codecentric.boot.admin.zuul.OptionsDispatchingZuulController]
2017-07-04 14:48:18.030  INFO 30280 --- [http-nio-5000-exec-4] o.s.c.n.zuul.web.ZuulHandlerMapping      : Mapped URL path [/api/applications/ccefd2b3/info/**] onto handler of type [class de.codecentric.boot.admin.zuul.OptionsDispatchingZuulController]
2017-07-04 14:48:18.030  INFO 30280 --- [http-nio-5000-exec-4] o.s.c.n.zuul.web.ZuulHandlerMapping      : Mapped URL path [/api/applications/ccefd2b3/logfile/**] onto handler of type [class de.codecentric.boot.admin.zuul.OptionsDispatchingZuulController]
2017-07-04 14:48:18.030  INFO 30280 --- [http-nio-5000-exec-4] o.s.c.n.zuul.web.ZuulHandlerMapping      : Mapped URL path [/api/applications/ccefd2b3/refresh/**] onto handler of type [class de.codecentric.boot.admin.zuul.OptionsDispatchingZuulController]
2017-07-04 14:48:18.030  INFO 30280 --- [http-nio-5000-exec-4] o.s.c.n.zuul.web.ZuulHandlerMapping      : Mapped URL path [/api/applications/ccefd2b3/flyway/**] onto handler of type [class de.codecentric.boot.admin.zuul.OptionsDispatchingZuulController]
2017-07-04 14:48:18.030  INFO 30280 --- [http-nio-5000-exec-4] o.s.c.n.zuul.web.ZuulHandlerMapping      : Mapped URL path [/api/applications/ccefd2b3/liquibase/**] onto handler of type [class de.codecentric.boot.admin.zuul.OptionsDispatchingZuulController]
2017-07-04 14:48:18.030  INFO 30280 --- [http-nio-5000-exec-4] o.s.c.n.zuul.web.ZuulHandlerMapping      : Mapped URL path [/api/applications/ccefd2b3/heapdump/**] onto handler of type [class de.codecentric.boot.admin.zuul.OptionsDispatchingZuulController]
2017-07-04 14:48:18.030  INFO 30280 --- [http-nio-5000-exec-4] o.s.c.n.zuul.web.ZuulHandlerMapping      : Mapped URL path [/api/applications/ccefd2b3/loggers/**] onto handler of type [class de.codecentric.boot.admin.zuul.OptionsDispatchingZuulController]
2017-07-04 14:48:18.032  INFO 30280 --- [http-nio-5000-exec-4] o.s.c.n.zuul.web.ZuulHandlerMapping      : Mapped URL path [/api/applications/ccefd2b3/auditevents/**] onto handler of type [class de.codecentric.boot.admin.zuul.OptionsDispatchingZuulController]
2017-07-04 14:48:18.032  INFO 30280 --- [http-nio-5000-exec-4] o.s.c.n.zuul.web.ZuulHandlerMapping      : Mapped URL path [/api/applications/2a5aa469/health/**] onto handler of type [class de.codecentric.boot.admin.zuul.OptionsDispatchingZuulController]
2017-07-04 14:48:18.032  INFO 30280 --- [http-nio-5000-exec-4] o.s.c.n.zuul.web.ZuulHandlerMapping      : Mapped URL path [/api/applications/2a5aa469/env/**] onto handler of type [class de.codecentric.boot.admin.zuul.OptionsDispatchingZuulController]
2017-07-04 14:48:18.032  INFO 30280 --- [http-nio-5000-exec-4] o.s.c.n.zuul.web.ZuulHandlerMapping      : Mapped URL path [/api/applications/2a5aa469/metrics/**] onto handler of type [class de.codecentric.boot.admin.zuul.OptionsDispatchingZuulController]
2017-07-04 14:48:18.032  INFO 30280 --- [http-nio-5000-exec-4] o.s.c.n.zuul.web.ZuulHandlerMapping      : Mapped URL path [/api/applications/2a5aa469/trace/**] onto handler of type [class de.codecentric.boot.admin.zuul.OptionsDispatchingZuulController]
2017-07-04 14:48:18.032  INFO 30280 --- [http-nio-5000-exec-4] o.s.c.n.zuul.web.ZuulHandlerMapping      : Mapped URL path [/api/applications/2a5aa469/dump/**] onto handler of type [class de.codecentric.boot.admin.zuul.OptionsDispatchingZuulController]
2017-07-04 14:48:18.032  INFO 30280 --- [http-nio-5000-exec-4] o.s.c.n.zuul.web.ZuulHandlerMapping      : Mapped URL path [/api/applications/2a5aa469/jolokia/**] onto handler of type [class de.codecentric.boot.admin.zuul.OptionsDispatchingZuulController]
2017-07-04 14:48:18.032  INFO 30280 --- [http-nio-5000-exec-4] o.s.c.n.zuul.web.ZuulHandlerMapping      : Mapped URL path [/api/applications/2a5aa469/info/**] onto handler of type [class de.codecentric.boot.admin.zuul.OptionsDispatchingZuulController]
2017-07-04 14:48:18.032  INFO 30280 --- [http-nio-5000-exec-4] o.s.c.n.zuul.web.ZuulHandlerMapping      : Mapped URL path [/api/applications/2a5aa469/logfile/**] onto handler of type [class de.codecentric.boot.admin.zuul.OptionsDispatchingZuulController]
2017-07-04 14:48:18.032  INFO 30280 --- [http-nio-5000-exec-4] o.s.c.n.zuul.web.ZuulHandlerMapping      : Mapped URL path [/api/applications/2a5aa469/refresh/**] onto handler of type [class de.codecentric.boot.admin.zuul.OptionsDispatchingZuulController]
2017-07-04 14:48:18.032  INFO 30280 --- [http-nio-5000-exec-4] o.s.c.n.zuul.web.ZuulHandlerMapping      : Mapped URL path [/api/applications/2a5aa469/flyway/**] onto handler of type [class de.codecentric.boot.admin.zuul.OptionsDispatchingZuulController]
2017-07-04 14:48:18.032  INFO 30280 --- [http-nio-5000-exec-4] o.s.c.n.zuul.web.ZuulHandlerMapping      : Mapped URL path [/api/applications/2a5aa469/liquibase/**] onto handler of type [class de.codecentric.boot.admin.zuul.OptionsDispatchingZuulController]
2017-07-04 14:48:18.032  INFO 30280 --- [http-nio-5000-exec-4] o.s.c.n.zuul.web.ZuulHandlerMapping      : Mapped URL path [/api/applications/2a5aa469/heapdump/**] onto handler of type [class de.codecentric.boot.admin.zuul.OptionsDispatchingZuulController]
2017-07-04 14:48:18.032  INFO 30280 --- [http-nio-5000-exec-4] o.s.c.n.zuul.web.ZuulHandlerMapping      : Mapped URL path [/api/applications/2a5aa469/loggers/**] onto handler of type [class de.codecentric.boot.admin.zuul.OptionsDispatchingZuulController]
2017-07-04 14:48:18.033  INFO 30280 --- [http-nio-5000-exec-4] o.s.c.n.zuul.web.ZuulHandlerMapping      : Mapped URL path [/api/applications/2a5aa469/auditevents/**] onto handler of type [class de.codecentric.boot.admin.zuul.OptionsDispatchingZuulController]
2017-07-04 14:49:29.552  WARN 30280 --- [http-nio-5000-exec-1] o.s.web.servlet.PageNotFound             : Request method 'HEAD' not supported
